[debug] [2024-12-30T03:50:17.820Z] ----------------------------------------------------------------------
[debug] [2024-12-30T03:50:17.827Z] Command:       C:\Program Files\nodejs\node.exe C:\Users\damie\AppData\Roaming\npm\node_modules\firebase-tools\lib\bin\firebase.js init hosting
[debug] [2024-12-30T03:50:17.828Z] CLI Version:   13.29.1
[debug] [2024-12-30T03:50:17.828Z] Platform:      win32
[debug] [2024-12-30T03:50:17.828Z] Node Version:  v20.13.1
[debug] [2024-12-30T03:50:17.829Z] Time:          Sun Dec 29 2024 21:50:17 GMT-0600 (Central Standard Time)
[debug] [2024-12-30T03:50:17.829Z] ----------------------------------------------------------------------
[debug] 
[debug] [2024-12-30T03:50:17.836Z] >>> [apiv2][query] GET https://firebase-public.firebaseio.com/cli.json [none]
[debug] [2024-12-30T03:50:17.989Z] > command requires scopes: ["email","openid","https://www.googleapis.com/auth/cloudplatformprojects.readonly","https://www.googleapis.com/auth/firebase","https://www.googleapis.com/auth/cloud-platform"]
[debug] [2024-12-30T03:50:17.990Z] > authorizing via signed-in user (damienbltrn@gmail.com)
[info] 
     ######## #### ########  ######## ########     ###     ######  ########
     ##        ##  ##     ## ##       ##     ##  ##   ##  ##       ##
     ######    ##  ########  ######   ########  #########  ######  ######
     ##        ##  ##    ##  ##       ##     ## ##     ##       ## ##
     ##       #### ##     ## ######## ########  ##     ##  ######  ########

You're about to initialize a Firebase project in this directory:

  C:\Users\damie\line-rendering

[debug] [2024-12-30T03:50:18.193Z] <<< [apiv2][status] GET https://firebase-public.firebaseio.com/cli.json 200
[debug] [2024-12-30T03:50:18.194Z] <<< [apiv2][body] GET https://firebase-public.firebaseio.com/cli.json {"cloudBuildErrorAfter":1594252800000,"cloudBuildWarnAfter":1590019200000,"defaultNode10After":1594252800000,"minVersion":"3.0.5","node8DeploysDisabledAfter":1613390400000,"node8RuntimeDisabledAfter":1615809600000,"node8WarnAfter":1600128000000}
[info] 
=== Project Setup
[info] 
[info] First, let's associate this project directory with a Firebase project.
[info] You can create multiple project aliases by running firebase use --add, 
[info] but for now we'll just set up a default project.
[info] 
[info] i  If you want to create a project in a Google Cloud organization or folder, please use "firebase projects:create" instead, and return to this command when you've created the project. 
[debug] [2024-12-30T03:51:26.411Z] Checked if tokens are valid: false, expires at: 1730478634989
[debug] [2024-12-30T03:51:26.411Z] Checked if tokens are valid: false, expires at: 1730478634989
[debug] [2024-12-30T03:51:26.412Z] > refreshing access token with scopes: []
[debug] [2024-12-30T03:51:26.417Z] >>> [apiv2][query] POST https://www.googleapis.com/oauth2/v3/token [none]
[debug] [2024-12-30T03:51:26.417Z] >>> [apiv2][body] POST https://www.googleapis.com/oauth2/v3/token [omitted]
[debug] [2024-12-30T03:51:26.528Z] <<< [apiv2][status] POST https://www.googleapis.com/oauth2/v3/token 200
[debug] [2024-12-30T03:51:26.529Z] <<< [apiv2][body] POST https://www.googleapis.com/oauth2/v3/token [omitted]
[debug] [2024-12-30T03:51:26.655Z] >>> [apiv2][query] POST https://cloudresourcemanager.googleapis.com/v1/projects [none]
[debug] [2024-12-30T03:51:26.655Z] >>> [apiv2][body] POST https://cloudresourcemanager.googleapis.com/v1/projects {"projectId":"webglproject","name":"Line Rendering"}
[debug] [2024-12-30T03:51:26.812Z] <<< [apiv2][status] POST https://cloudresourcemanager.googleapis.com/v1/projects 409
[debug] [2024-12-30T03:51:26.812Z] <<< [apiv2][body] POST https://cloudresourcemanager.googleapis.com/v1/projects {"error":{"code":409,"message":"Requested entity already exists","status":"ALREADY_EXISTS"}}
[debug] [2024-12-30T03:51:26.818Z] FirebaseError: Request to https://cloudresourcemanager.googleapis.com/v1/projects had HTTP Error: 409, Requested entity already exists
    at responseToError (C:\Users\damie\AppData\Roaming\npm\node_modules\firebase-tools\lib\responseToError.js:52:12)
    at RetryOperation._fn (C:\Users\damie\AppData\Roaming\npm\node_modules\firebase-tools\lib\apiv2.js:312:77)
    at process.processTicksAndRejections (node:internal/process/task_queues:95:5)
[error] 
[error] Error: Failed to create project because there is already a project with ID webglproject. Please try again with a unique project ID.
[debug] [2024-12-30T03:51:58.985Z] ----------------------------------------------------------------------
[debug] [2024-12-30T03:51:58.992Z] Command:       C:\Program Files\nodejs\node.exe C:\Users\damie\AppData\Roaming\npm\node_modules\firebase-tools\lib\bin\firebase.js init hosting
[debug] [2024-12-30T03:51:58.994Z] CLI Version:   13.29.1
[debug] [2024-12-30T03:51:58.994Z] Platform:      win32
[debug] [2024-12-30T03:51:58.995Z] Node Version:  v20.13.1
[debug] [2024-12-30T03:51:58.995Z] Time:          Sun Dec 29 2024 21:51:58 GMT-0600 (Central Standard Time)
[debug] [2024-12-30T03:51:58.995Z] ----------------------------------------------------------------------
[debug] 
[debug] [2024-12-30T03:51:59.011Z] > command requires scopes: ["email","openid","https://www.googleapis.com/auth/cloudplatformprojects.readonly","https://www.googleapis.com/auth/firebase","https://www.googleapis.com/auth/cloud-platform"]
[debug] [2024-12-30T03:51:59.012Z] > authorizing via signed-in user (damienbltrn@gmail.com)
[info] 
     ######## #### ########  ######## ########     ###     ######  ########
     ##        ##  ##     ## ##       ##     ##  ##   ##  ##       ##
     ######    ##  ########  ######   ########  #########  ######  ######
     ##        ##  ##    ##  ##       ##     ## ##     ##       ## ##
     ##       #### ##     ## ######## ########  ##     ##  ######  ########

You're about to initialize a Firebase project in this directory:

  C:\Users\damie\line-rendering

[info] 
=== Project Setup
[info] 
[info] First, let's associate this project directory with a Firebase project.
[info] You can create multiple project aliases by running firebase use --add, 
[info] but for now we'll just set up a default project.
[info] 
[info] i  If you want to create a project in a Google Cloud organization or folder, please use "firebase projects:create" instead, and return to this command when you've created the project. 
[debug] [2024-12-30T03:52:31.364Z] Checked if tokens are valid: true, expires at: 1735534285529
[debug] [2024-12-30T03:52:31.364Z] Checked if tokens are valid: true, expires at: 1735534285529
[debug] [2024-12-30T03:52:31.367Z] >>> [apiv2][query] POST https://cloudresourcemanager.googleapis.com/v1/projects [none]
[debug] [2024-12-30T03:52:31.368Z] >>> [apiv2][body] POST https://cloudresourcemanager.googleapis.com/v1/projects {"projectId":"Deebird","name":"Line-Rendering"}
[debug] [2024-12-30T03:52:31.671Z] <<< [apiv2][status] POST https://cloudresourcemanager.googleapis.com/v1/projects 400
[debug] [2024-12-30T03:52:31.671Z] <<< [apiv2][body] POST https://cloudresourcemanager.googleapis.com/v1/projects {"error":{"code":400,"message":"field [project_id] has issue [project_id contains invalid characters]","status":"INVALID_ARGUMENT","details":[{"@type":"type.googleapis.com/google.rpc.BadRequest","fieldViolations":[{"field":"project_id","description":"project_id contains invalid characters"}]},{"@type":"type.googleapis.com/google.rpc.Help","links":[{"url":"https://cloud.google.com/resource-manager/reference/rest/v1/projects"}]}]}}
[debug] [2024-12-30T03:52:31.675Z] FirebaseError: Request to https://cloudresourcemanager.googleapis.com/v1/projects had HTTP Error: 400, field [project_id] has issue [project_id contains invalid characters]
    at responseToError (C:\Users\damie\AppData\Roaming\npm\node_modules\firebase-tools\lib\responseToError.js:52:12)
    at RetryOperation._fn (C:\Users\damie\AppData\Roaming\npm\node_modules\firebase-tools\lib\apiv2.js:312:77)
    at process.processTicksAndRejections (node:internal/process/task_queues:95:5)
[error] 
[error] Error: Failed to create project. See firebase-debug.log for more info.
[debug] [2024-12-30T03:53:03.306Z] ----------------------------------------------------------------------
[debug] [2024-12-30T03:53:03.313Z] Command:       C:\Program Files\nodejs\node.exe C:\Users\damie\AppData\Roaming\npm\node_modules\firebase-tools\lib\bin\firebase.js init hosting
[debug] [2024-12-30T03:53:03.314Z] CLI Version:   13.29.1
[debug] [2024-12-30T03:53:03.315Z] Platform:      win32
[debug] [2024-12-30T03:53:03.315Z] Node Version:  v20.13.1
[debug] [2024-12-30T03:53:03.315Z] Time:          Sun Dec 29 2024 21:53:03 GMT-0600 (Central Standard Time)
[debug] [2024-12-30T03:53:03.316Z] ----------------------------------------------------------------------
[debug] 
[debug] [2024-12-30T03:53:03.335Z] > command requires scopes: ["email","openid","https://www.googleapis.com/auth/cloudplatformprojects.readonly","https://www.googleapis.com/auth/firebase","https://www.googleapis.com/auth/cloud-platform"]
[debug] [2024-12-30T03:53:03.336Z] > authorizing via signed-in user (damienbltrn@gmail.com)
[info] 
     ######## #### ########  ######## ########     ###     ######  ########
     ##        ##  ##     ## ##       ##     ##  ##   ##  ##       ##
     ######    ##  ########  ######   ########  #########  ######  ######
     ##        ##  ##    ##  ##       ##     ## ##     ##       ## ##
     ##       #### ##     ## ######## ########  ##     ##  ######  ########

You're about to initialize a Firebase project in this directory:

  C:\Users\damie\line-rendering

[info] 
=== Project Setup
[info] 
[info] First, let's associate this project directory with a Firebase project.
[info] You can create multiple project aliases by running firebase use --add, 
[info] but for now we'll just set up a default project.
[info] 
[info] i  If you want to create a project in a Google Cloud organization or folder, please use "firebase projects:create" instead, and return to this command when you've created the project. 
[debug] [2024-12-30T03:53:37.295Z] Checked if tokens are valid: true, expires at: 1735534285529
[debug] [2024-12-30T03:53:37.296Z] Checked if tokens are valid: true, expires at: 1735534285529
[debug] [2024-12-30T03:53:37.299Z] >>> [apiv2][query] POST https://cloudresourcemanager.googleapis.com/v1/projects [none]
[debug] [2024-12-30T03:53:37.300Z] >>> [apiv2][body] POST https://cloudresourcemanager.googleapis.com/v1/projects {"projectId":"VanillaJS","name":"VanillaJS"}
[debug] [2024-12-30T03:53:37.561Z] <<< [apiv2][status] POST https://cloudresourcemanager.googleapis.com/v1/projects 400
[debug] [2024-12-30T03:53:37.561Z] <<< [apiv2][body] POST https://cloudresourcemanager.googleapis.com/v1/projects {"error":{"code":400,"message":"field [project_id] has issue [project_id contains invalid characters]","status":"INVALID_ARGUMENT","details":[{"@type":"type.googleapis.com/google.rpc.BadRequest","fieldViolations":[{"field":"project_id","description":"project_id contains invalid characters"}]},{"@type":"type.googleapis.com/google.rpc.Help","links":[{"url":"https://cloud.google.com/resource-manager/reference/rest/v1/projects"}]}]}}
[debug] [2024-12-30T03:53:37.565Z] FirebaseError: Request to https://cloudresourcemanager.googleapis.com/v1/projects had HTTP Error: 400, field [project_id] has issue [project_id contains invalid characters]
    at responseToError (C:\Users\damie\AppData\Roaming\npm\node_modules\firebase-tools\lib\responseToError.js:52:12)
    at RetryOperation._fn (C:\Users\damie\AppData\Roaming\npm\node_modules\firebase-tools\lib\apiv2.js:312:77)
    at process.processTicksAndRejections (node:internal/process/task_queues:95:5)
[error] 
[error] Error: Failed to create project. See firebase-debug.log for more info.
